Performing C SOURCE FILE Test CMAKE_HAVE_LIBC_PTHREAD failed with the following output:
Change Dir: /home/chen/ws/dynamic_ws/src/dynamic_vins/src/utils/line_detector/line_descriptor/build/CMakeFiles/CMakeTmp

Run Build Command(s):/usr/bin/make -f Makefile cmTC_6c065/fast && /usr/bin/make  -f CMakeFiles/cmTC_6c065.dir/build.make CMakeFiles/cmTC_6c065.dir/build
make[1]: 进入目录“/home/chen/ws/dynamic_ws/src/dynamic_vins/src/utils/line_detector/line_descriptor/build/CMakeFiles/CMakeTmp”
Building C object CMakeFiles/cmTC_6c065.dir/src.c.o
/usr/bin/cc -DCMAKE_HAVE_LIBC_PTHREAD  -fPIC  -o CMakeFiles/cmTC_6c065.dir/src.c.o -c /home/chen/ws/dynamic_ws/src/dynamic_vins/src/utils/line_detector/line_descriptor/build/CMakeFiles/CMakeTmp/src.c
Linking C executable cmTC_6c065
/opt/cmake-3.20.0/bin/cmake -E cmake_link_script CMakeFiles/cmTC_6c065.dir/link.txt --verbose=1
/usr/bin/cc -fPIC  -rdynamic CMakeFiles/cmTC_6c065.dir/src.c.o -o cmTC_6c065 
CMakeFiles/cmTC_6c065.dir/src.c.o：在函数‘main’中：
src.c:(.text+0x2f)：对‘pthread_create’未定义的引用
src.c:(.text+0x3b)：对‘pthread_detach’未定义的引用
src.c:(.text+0x47)：对‘pthread_cancel’未定义的引用
src.c:(.text+0x58)：对‘pthread_join’未定义的引用
src.c:(.text+0x6c)：对‘pthread_atfork’未定义的引用
collect2: 错误：ld 返回 1
CMakeFiles/cmTC_6c065.dir/build.make:98: recipe for target 'cmTC_6c065' failed
make[1]: *** [cmTC_6c065] Error 1
make[1]: 离开目录“/home/chen/ws/dynamic_ws/src/dynamic_vins/src/utils/line_detector/line_descriptor/build/CMakeFiles/CMakeTmp”
Makefile:127: recipe for target 'cmTC_6c065/fast' failed
make: *** [cmTC_6c065/fast] Error 2


Source file was:
#include <pthread.h>

static void* test_func(void* data)
{
  return data;
}

int main(void)
{
  pthread_t thread;
  pthread_create(&thread, NULL, test_func, NULL);
  pthread_detach(thread);
  pthread_cancel(thread);
  pthread_join(thread, NULL);
  pthread_atfork(NULL, NULL, NULL);
  pthread_exit(NULL);

  return 0;
}

Determining if the function pthread_create exists in the pthreads failed with the following output:
Change Dir: /home/chen/ws/dynamic_ws/src/dynamic_vins/src/utils/line_detector/line_descriptor/build/CMakeFiles/CMakeTmp

Run Build Command(s):/usr/bin/make -f Makefile cmTC_322a7/fast && /usr/bin/make  -f CMakeFiles/cmTC_322a7.dir/build.make CMakeFiles/cmTC_322a7.dir/build
make[1]: 进入目录“/home/chen/ws/dynamic_ws/src/dynamic_vins/src/utils/line_detector/line_descriptor/build/CMakeFiles/CMakeTmp”
Building C object CMakeFiles/cmTC_322a7.dir/CheckFunctionExists.c.o
/usr/bin/cc   -fPIC -DCHECK_FUNCTION_EXISTS=pthread_create -o CMakeFiles/cmTC_322a7.dir/CheckFunctionExists.c.o -c /opt/cmake-3.20.0/share/cmake-3.20/Modules/CheckFunctionExists.c
Linking C executable cmTC_322a7
/opt/cmake-3.20.0/bin/cmake -E cmake_link_script CMakeFiles/cmTC_322a7.dir/link.txt --verbose=1
/usr/bin/cc -fPIC -DCHECK_FUNCTION_EXISTS=pthread_create -rdynamic CMakeFiles/cmTC_322a7.dir/CheckFunctionExists.c.o -o cmTC_322a7  -lpthreads 
/usr/bin/ld: 找不到 -lpthreads
collect2: 错误：ld 返回 1
CMakeFiles/cmTC_322a7.dir/build.make:98: recipe for target 'cmTC_322a7' failed
make[1]: *** [cmTC_322a7] Error 1
make[1]: 离开目录“/home/chen/ws/dynamic_ws/src/dynamic_vins/src/utils/line_detector/line_descriptor/build/CMakeFiles/CMakeTmp”
Makefile:127: recipe for target 'cmTC_322a7/fast' failed
make: *** [cmTC_322a7/fast] Error 2



